[debug] [2023-05-19T05:52:46.179Z] ----------------------------------------------------------------------
[debug] [2023-05-19T05:52:46.181Z] Command:       C:\Program Files\nodejs\node.exe C:\Users\janag\AppData\Roaming\npm\node_modules\firebase-tools\lib\bin\firebase.js init hosting
[debug] [2023-05-19T05:52:46.182Z] CLI Version:   12.0.1
[debug] [2023-05-19T05:52:46.182Z] Platform:      win32
[debug] [2023-05-19T05:52:46.182Z] Node Version:  v18.14.1
[debug] [2023-05-19T05:52:46.183Z] Time:          Fri May 19 2023 11:22:46 GMT+0530 (India Standard Time)
[debug] [2023-05-19T05:52:46.183Z] ----------------------------------------------------------------------
[debug] 
[debug] [2023-05-19T05:52:46.189Z] > command requires scopes: ["email","openid","https://www.googleapis.com/auth/cloudplatformprojects.readonly","https://www.googleapis.com/auth/firebase","https://www.googleapis.com/auth/cloud-platform"]
[debug] [2023-05-19T05:52:46.190Z] > authorizing via signed-in user (janagamravindar1996@gmail.com)
[info] 
     ######## #### ########  ######## ########     ###     ######  ########
     ##        ##  ##     ## ##       ##     ##  ##   ##  ##       ##
     ######    ##  ########  ######   ########  #########  ######  ######
     ##        ##  ##    ##  ##       ##     ## ##     ##       ## ##
     ##       #### ##     ## ######## ########  ##     ##  ######  ########

You're about to initialize a Firebase project in this directory:

  D:\Angular Project\Eshoping\Eshoping

[info] 
=== Project Setup
[info] 
[info] First, let's associate this project directory with a Firebase project.
[info] You can create multiple project aliases by running firebase use --add, 
[info] but for now we'll just set up a default project.
[info] 
[debug] [2023-05-19T05:53:00.598Z] >>> [apiv2][query] GET https://firebase.googleapis.com/v1beta1/projects pageSize=100
[debug] [2023-05-19T05:53:02.229Z] <<< [apiv2][status] GET https://firebase.googleapis.com/v1beta1/projects 200
[debug] [2023-05-19T05:53:02.229Z] <<< [apiv2][body] GET https://firebase.googleapis.com/v1beta1/projects [omitted]
[info] i  Using project eshoping-c37d2 (Eshoping) 
[info] 
=== Hosting Setup
[info] 
[info] Your public directory is the folder (relative to your project directory) that
[info] will contain Hosting assets to be uploaded with firebase deploy. If you
[info] have a build process for your assets, use your build's output directory.
[info] 
[debug] [2023-05-19T06:12:53.712Z] ----------------------------------------------------------------------
[debug] [2023-05-19T06:12:53.714Z] Command:       C:\Program Files\nodejs\node.exe C:\Users\janag\AppData\Roaming\npm\node_modules\firebase-tools\lib\bin\firebase.js init hosting
[debug] [2023-05-19T06:12:53.714Z] CLI Version:   12.0.1
[debug] [2023-05-19T06:12:53.714Z] Platform:      win32
[debug] [2023-05-19T06:12:53.714Z] Node Version:  v18.14.1
[debug] [2023-05-19T06:12:53.715Z] Time:          Fri May 19 2023 11:42:53 GMT+0530 (India Standard Time)
[debug] [2023-05-19T06:12:53.715Z] ----------------------------------------------------------------------
[debug] 
[debug] [2023-05-19T06:12:53.720Z] > command requires scopes: ["email","openid","https://www.googleapis.com/auth/cloudplatformprojects.readonly","https://www.googleapis.com/auth/firebase","https://www.googleapis.com/auth/cloud-platform"]
[debug] [2023-05-19T06:12:53.721Z] > authorizing via signed-in user (janagamravindar1996@gmail.com)
[info] 
     ######## #### ########  ######## ########     ###     ######  ########
     ##        ##  ##     ## ##       ##     ##  ##   ##  ##       ##
     ######    ##  ########  ######   ########  #########  ######  ######
     ##        ##  ##    ##  ##       ##     ## ##     ##       ## ##
     ##       #### ##     ## ######## ########  ##     ##  ######  ########

You're about to initialize a Firebase project in this directory:

  D:\Angular Project\Eshoping\Eshoping

[info] 
=== Project Setup
[info] 
[info] First, let's associate this project directory with a Firebase project.
[info] You can create multiple project aliases by running firebase use --add, 
[info] but for now we'll just set up a default project.
[info] 
[debug] [2023-05-19T06:12:59.362Z] >>> [apiv2][query] GET https://firebase.googleapis.com/v1beta1/projects pageSize=100
[debug] [2023-05-19T06:13:01.091Z] <<< [apiv2][status] GET https://firebase.googleapis.com/v1beta1/projects 200
[debug] [2023-05-19T06:13:01.092Z] <<< [apiv2][body] GET https://firebase.googleapis.com/v1beta1/projects [omitted]
[info] i  Using project eshoping-c37d2 (Eshoping) 
[info] 
=== Hosting Setup
[info] 
[info] Your public directory is the folder (relative to your project directory) that
[info] will contain Hosting assets to be uploaded with firebase deploy. If you
[info] have a build process for your assets, use your build's output directory.
[info] 
